ERROR - 2024-05-15 20:39:01 --> Error connecting to the database: mysqli_sql_exception: No se puede establecer una conexión ya que el equipo de destino denegó expresamente dicha conexión.
 in C:\xampp\htdocs\proyecto_duete\system\Database\MySQLi\Connection.php:185
Stack trace:
#0 C:\xampp\htdocs\proyecto_duete\system\Database\MySQLi\Connection.php(185): mysqli->real_connect('localhost', 'root', '', 'duete_f', 3306, '', 0)
#1 C:\xampp\htdocs\proyecto_duete\system\Database\BaseConnection.php(392): CodeIgniter\Database\MySQLi\Connection->connect(false)
#2 C:\xampp\htdocs\proyecto_duete\system\Database\BaseConnection.php(575): CodeIgniter\Database\BaseConnection->initialize()
#3 C:\xampp\htdocs\proyecto_duete\system\Database\BaseBuilder.php(1616): CodeIgniter\Database\BaseConnection->query('SELECT 1\nFROM `...', Array, false)
#4 C:\xampp\htdocs\proyecto_duete\system\Validation\StrictRules\Rules.php(227): CodeIgniter\Database\BaseBuilder->get()
#5 C:\xampp\htdocs\proyecto_duete\system\Validation\Validation.php(328): CodeIgniter\Validation\StrictRules\Rules->is_unique('faculolero1', 'usuario', Array, NULL, 'usuario')
#6 C:\xampp\htdocs\proyecto_duete\system\Validation\Validation.php(200): CodeIgniter\Validation\Validation->processRules('usuario', 'usuario', 'faculolero1', Array, Array)
#7 C:\xampp\htdocs\proyecto_duete\system\Controller.php(154): CodeIgniter\Validation\Validation->run()
#8 C:\xampp\htdocs\proyecto_duete\app\Controllers\usuario_controller.php(22): CodeIgniter\Controller->validate(Array)
#9 C:\xampp\htdocs\proyecto_duete\system\CodeIgniter.php(943): App\Controllers\usuario_controller->formValidation()
#10 C:\xampp\htdocs\proyecto_duete\system\CodeIgniter.php(503): CodeIgniter\CodeIgniter->runController(Object(App\Controllers\usuario_controller))
#11 C:\xampp\htdocs\proyecto_duete\system\CodeIgniter.php(361): CodeIgniter\CodeIgniter->handleRequest(NULL, Object(Config\Cache), false)
#12 C:\xampp\htdocs\proyecto_duete\index.php(79): CodeIgniter\CodeIgniter->run()
#13 {main}

Next CodeIgniter\Database\Exceptions\DatabaseException: No se puede establecer una conexión ya que el equipo de destino denegó expresamente dicha conexión.
 in C:\xampp\htdocs\proyecto_duete\system\Database\MySQLi\Connection.php:229
Stack trace:
#0 C:\xampp\htdocs\proyecto_duete\system\Database\BaseConnection.php(392): CodeIgniter\Database\MySQLi\Connection->connect(false)
#1 C:\xampp\htdocs\proyecto_duete\system\Database\BaseConnection.php(575): CodeIgniter\Database\BaseConnection->initialize()
#2 C:\xampp\htdocs\proyecto_duete\system\Database\BaseBuilder.php(1616): CodeIgniter\Database\BaseConnection->query('SELECT 1\nFROM `...', Array, false)
#3 C:\xampp\htdocs\proyecto_duete\system\Validation\StrictRules\Rules.php(227): CodeIgniter\Database\BaseBuilder->get()
#4 C:\xampp\htdocs\proyecto_duete\system\Validation\Validation.php(328): CodeIgniter\Validation\StrictRules\Rules->is_unique('faculolero1', 'usuario', Array, NULL, 'usuario')
#5 C:\xampp\htdocs\proyecto_duete\system\Validation\Validation.php(200): CodeIgniter\Validation\Validation->processRules('usuario', 'usuario', 'faculolero1', Array, Array)
#6 C:\xampp\htdocs\proyecto_duete\system\Controller.php(154): CodeIgniter\Validation\Validation->run()
#7 C:\xampp\htdocs\proyecto_duete\app\Controllers\usuario_controller.php(22): CodeIgniter\Controller->validate(Array)
#8 C:\xampp\htdocs\proyecto_duete\system\CodeIgniter.php(943): App\Controllers\usuario_controller->formValidation()
#9 C:\xampp\htdocs\proyecto_duete\system\CodeIgniter.php(503): CodeIgniter\CodeIgniter->runController(Object(App\Controllers\usuario_controller))
#10 C:\xampp\htdocs\proyecto_duete\system\CodeIgniter.php(361): CodeIgniter\CodeIgniter->handleRequest(NULL, Object(Config\Cache), false)
#11 C:\xampp\htdocs\proyecto_duete\index.php(79): CodeIgniter\CodeIgniter->run()
#12 {main}
CRITICAL - 2024-05-15 20:39:01 --> CodeIgniter\Database\Exceptions\DatabaseException: Unable to connect to the database.
Main connection [MySQLi]: No se puede establecer una conexión ya que el equipo de destino denegó expresamente dicha conexión.

in SYSTEMPATH\Database\BaseConnection.php on line 428.
 1 SYSTEMPATH\Database\BaseConnection.php(575): CodeIgniter\Database\BaseConnection->initialize()
 2 SYSTEMPATH\Database\BaseBuilder.php(1616): CodeIgniter\Database\BaseConnection->query('SELECT 1
FROM `usuarios`
WHERE `usuario` = :usuario:
 LIMIT 1', [...], false)
 3 SYSTEMPATH\Validation\StrictRules\Rules.php(227): CodeIgniter\Database\BaseBuilder->get()
 4 SYSTEMPATH\Validation\Validation.php(328): CodeIgniter\Validation\StrictRules\Rules->is_unique('faculolero1', 'usuario', [...], null, 'usuario')
 5 SYSTEMPATH\Validation\Validation.php(200): CodeIgniter\Validation\Validation->processRules('usuario', 'usuario', 'faculolero1', [...], [...])
 6 SYSTEMPATH\Controller.php(154): CodeIgniter\Validation\Validation->run()
 7 APPPATH\Controllers\usuario_controller.php(22): CodeIgniter\Controller->validate([...])
 8 SYSTEMPATH\CodeIgniter.php(943): App\Controllers\usuario_controller->formValidation()
 9 SYSTEMPATH\CodeIgniter.php(503): CodeIgniter\CodeIgniter->runController(Object(App\Controllers\usuario_controller))
10 SYSTEMPATH\CodeIgniter.php(361): CodeIgniter\CodeIgniter->handleRequest(null, Object(Config\Cache), false)
11 FCPATH\index.php(79): CodeIgniter\CodeIgniter->run()
INFO - 2024-05-15 20:39:40 --> Session: Class initialized using 'CodeIgniter\Session\Handlers\FileHandler' driver.
