CRITICAL - 2024-04-17 11:57:54 --> ErrorException: Cannot redeclare App\Controllers\Home::index()
in APPPATH\Controllers\Home.php on line 15.
 1 [internal function]: CodeIgniter\Debug\Exceptions->shutdownHandler()
CRITICAL - 2024-04-17 13:26:36 --> ParseError: syntax error, unexpected end of file, expecting function (T_FUNCTION) or const (T_CONST)
in APPPATH\Controllers\Home.php on line 23.
 1 SYSTEMPATH\Autoloader\Autoloader.php(290): CodeIgniter\Autoloader\Autoloader->includeFile('C:\\xampp\\htdocs\\proyecto_duete\\app\\Controllers\\Home.php')
 2 SYSTEMPATH\Autoloader\Autoloader.php(266): CodeIgniter\Autoloader\Autoloader->loadInNamespace('App\\Controllers\\Home')
 3 [internal function]: CodeIgniter\Autoloader\Autoloader->loadClass('App\\Controllers\\Home')
 4 [internal function]: spl_autoload_call('App\\Controllers\\Home')
 5 SYSTEMPATH\CodeIgniter.php(901): class_exists('\\App\\Controllers\\Home', true)
 6 SYSTEMPATH\CodeIgniter.php(490): CodeIgniter\CodeIgniter->startController()
 7 SYSTEMPATH\CodeIgniter.php(361): CodeIgniter\CodeIgniter->handleRequest(null, Object(Config\Cache), false)
 8 FCPATH\index.php(79): CodeIgniter\CodeIgniter->run()
CRITICAL - 2024-04-17 23:57:22 --> ParseError: syntax error, unexpected '?>'
in APPPATH\Views\front\navbar_view.php on line 18.
 1 SYSTEMPATH\View\View.php(231): CodeIgniter\View\View->CodeIgniter\View\{closure}()
 2 SYSTEMPATH\Common.php(1178): CodeIgniter\View\View->render('front/navbar_view', [], true)
 3 APPPATH\Controllers\Home.php(10): view('front/navbar_view')
 4 SYSTEMPATH\CodeIgniter.php(943): App\Controllers\Home->index()
 5 SYSTEMPATH\CodeIgniter.php(503): CodeIgniter\CodeIgniter->runController(Object(App\Controllers\Home))
 6 SYSTEMPATH\CodeIgniter.php(361): CodeIgniter\CodeIgniter->handleRequest(null, Object(Config\Cache), false)
 7 FCPATH\index.php(79): CodeIgniter\CodeIgniter->run()
CRITICAL - 2024-04-17 23:57:25 --> ParseError: syntax error, unexpected '?>'
in APPPATH\Views\front\navbar_view.php on line 18.
 1 SYSTEMPATH\View\View.php(231): CodeIgniter\View\View->CodeIgniter\View\{closure}()
 2 SYSTEMPATH\Common.php(1178): CodeIgniter\View\View->render('front/navbar_view', [], true)
 3 APPPATH\Controllers\Home.php(18): view('front/navbar_view')
 4 SYSTEMPATH\CodeIgniter.php(943): App\Controllers\Home->atencion_al_cliente()
 5 SYSTEMPATH\CodeIgniter.php(503): CodeIgniter\CodeIgniter->runController(Object(App\Controllers\Home))
 6 SYSTEMPATH\CodeIgniter.php(361): CodeIgniter\CodeIgniter->handleRequest(null, Object(Config\Cache), false)
 7 FCPATH\index.php(79): CodeIgniter\CodeIgniter->run()
CRITICAL - 2024-04-17 23:57:30 --> ParseError: syntax error, unexpected '') ?>">' (T_ENCAPSED_AND_WHITESPACE)
in APPPATH\Views\front\navbar_view.php on line 18.
 1 SYSTEMPATH\View\View.php(231): CodeIgniter\View\View->CodeIgniter\View\{closure}()
 2 SYSTEMPATH\Common.php(1178): CodeIgniter\View\View->render('front/navbar_view', [], true)
 3 APPPATH\Controllers\Home.php(18): view('front/navbar_view')
 4 SYSTEMPATH\CodeIgniter.php(943): App\Controllers\Home->atencion_al_cliente()
 5 SYSTEMPATH\CodeIgniter.php(503): CodeIgniter\CodeIgniter->runController(Object(App\Controllers\Home))
 6 SYSTEMPATH\CodeIgniter.php(361): CodeIgniter\CodeIgniter->handleRequest(null, Object(Config\Cache), false)
 7 FCPATH\index.php(79): CodeIgniter\CodeIgniter->run()
CRITICAL - 2024-04-17 23:57:31 --> ParseError: syntax error, unexpected '') ?>">' (T_ENCAPSED_AND_WHITESPACE)
in APPPATH\Views\front\navbar_view.php on line 18.
 1 SYSTEMPATH\View\View.php(231): CodeIgniter\View\View->CodeIgniter\View\{closure}()
 2 SYSTEMPATH\Common.php(1178): CodeIgniter\View\View->render('front/navbar_view', [], true)
 3 APPPATH\Controllers\Home.php(18): view('front/navbar_view')
 4 SYSTEMPATH\CodeIgniter.php(943): App\Controllers\Home->atencion_al_cliente()
 5 SYSTEMPATH\CodeIgniter.php(503): CodeIgniter\CodeIgniter->runController(Object(App\Controllers\Home))
 6 SYSTEMPATH\CodeIgniter.php(361): CodeIgniter\CodeIgniter->handleRequest(null, Object(Config\Cache), false)
 7 FCPATH\index.php(79): CodeIgniter\CodeIgniter->run()
CRITICAL - 2024-04-17 23:57:39 --> ParseError: syntax error, unexpected '') ?>">' (T_ENCAPSED_AND_WHITESPACE)
in APPPATH\Views\front\navbar_view.php on line 18.
 1 SYSTEMPATH\View\View.php(231): CodeIgniter\View\View->CodeIgniter\View\{closure}()
 2 SYSTEMPATH\Common.php(1178): CodeIgniter\View\View->render('front/navbar_view', [], true)
 3 APPPATH\Controllers\Home.php(10): view('front/navbar_view')
 4 SYSTEMPATH\CodeIgniter.php(943): App\Controllers\Home->index()
 5 SYSTEMPATH\CodeIgniter.php(503): CodeIgniter\CodeIgniter->runController(Object(App\Controllers\Home))
 6 SYSTEMPATH\CodeIgniter.php(361): CodeIgniter\CodeIgniter->handleRequest(null, Object(Config\Cache), false)
 7 FCPATH\index.php(79): CodeIgniter\CodeIgniter->run()
CRITICAL - 2024-04-17 23:58:05 --> ParseError: syntax error, unexpected ''atencion_al_cliente)?>">Atenc' (T_ENCAPSED_AND_WHITESPACE)
in APPPATH\Views\front\navbar_view.php on line 6.
 1 SYSTEMPATH\View\View.php(231): CodeIgniter\View\View->CodeIgniter\View\{closure}()
 2 SYSTEMPATH\Common.php(1178): CodeIgniter\View\View->render('front/navbar_view', [], true)
 3 APPPATH\Controllers\Home.php(10): view('front/navbar_view')
 4 SYSTEMPATH\CodeIgniter.php(943): App\Controllers\Home->index()
 5 SYSTEMPATH\CodeIgniter.php(503): CodeIgniter\CodeIgniter->runController(Object(App\Controllers\Home))
 6 SYSTEMPATH\CodeIgniter.php(361): CodeIgniter\CodeIgniter->handleRequest(null, Object(Config\Cache), false)
 7 FCPATH\index.php(79): CodeIgniter\CodeIgniter->run()
CRITICAL - 2024-04-17 23:58:29 --> ParseError: syntax error, unexpected '') ?>">' (T_ENCAPSED_AND_WHITESPACE)
in APPPATH\Views\front\navbar_view.php on line 18.
 1 SYSTEMPATH\View\View.php(231): CodeIgniter\View\View->CodeIgniter\View\{closure}()
 2 SYSTEMPATH\Common.php(1178): CodeIgniter\View\View->render('front/navbar_view', [], true)
 3 APPPATH\Controllers\Home.php(10): view('front/navbar_view')
 4 SYSTEMPATH\CodeIgniter.php(943): App\Controllers\Home->index()
 5 SYSTEMPATH\CodeIgniter.php(503): CodeIgniter\CodeIgniter->runController(Object(App\Controllers\Home))
 6 SYSTEMPATH\CodeIgniter.php(361): CodeIgniter\CodeIgniter->handleRequest(null, Object(Config\Cache), false)
 7 FCPATH\index.php(79): CodeIgniter\CodeIgniter->run()
CRITICAL - 2024-04-17 23:58:30 --> ParseError: syntax error, unexpected '') ?>">' (T_ENCAPSED_AND_WHITESPACE)
in APPPATH\Views\front\navbar_view.php on line 18.
 1 SYSTEMPATH\View\View.php(231): CodeIgniter\View\View->CodeIgniter\View\{closure}()
 2 SYSTEMPATH\Common.php(1178): CodeIgniter\View\View->render('front/navbar_view', [], true)
 3 APPPATH\Controllers\Home.php(10): view('front/navbar_view')
 4 SYSTEMPATH\CodeIgniter.php(943): App\Controllers\Home->index()
 5 SYSTEMPATH\CodeIgniter.php(503): CodeIgniter\CodeIgniter->runController(Object(App\Controllers\Home))
 6 SYSTEMPATH\CodeIgniter.php(361): CodeIgniter\CodeIgniter->handleRequest(null, Object(Config\Cache), false)
 7 FCPATH\index.php(79): CodeIgniter\CodeIgniter->run()
CRITICAL - 2024-04-17 23:58:37 --> ParseError: syntax error, unexpected '')?>">' (T_ENCAPSED_AND_WHITESPACE)
in APPPATH\Views\front\navbar_view.php on line 18.
 1 SYSTEMPATH\View\View.php(231): CodeIgniter\View\View->CodeIgniter\View\{closure}()
 2 SYSTEMPATH\Common.php(1178): CodeIgniter\View\View->render('front/navbar_view', [], true)
 3 APPPATH\Controllers\Home.php(10): view('front/navbar_view')
 4 SYSTEMPATH\CodeIgniter.php(943): App\Controllers\Home->index()
 5 SYSTEMPATH\CodeIgniter.php(503): CodeIgniter\CodeIgniter->runController(Object(App\Controllers\Home))
 6 SYSTEMPATH\CodeIgniter.php(361): CodeIgniter\CodeIgniter->handleRequest(null, Object(Config\Cache), false)
 7 FCPATH\index.php(79): CodeIgniter\CodeIgniter->run()
CRITICAL - 2024-04-17 23:58:55 --> ParseError: syntax error, unexpected '')?>"' (T_ENCAPSED_AND_WHITESPACE)
in APPPATH\Views\front\navbar_view.php on line 18.
 1 SYSTEMPATH\View\View.php(231): CodeIgniter\View\View->CodeIgniter\View\{closure}()
 2 SYSTEMPATH\Common.php(1178): CodeIgniter\View\View->render('front/navbar_view', [], true)
 3 APPPATH\Controllers\Home.php(10): view('front/navbar_view')
 4 SYSTEMPATH\CodeIgniter.php(943): App\Controllers\Home->index()
 5 SYSTEMPATH\CodeIgniter.php(503): CodeIgniter\CodeIgniter->runController(Object(App\Controllers\Home))
 6 SYSTEMPATH\CodeIgniter.php(361): CodeIgniter\CodeIgniter->handleRequest(null, Object(Config\Cache), false)
 7 FCPATH\index.php(79): CodeIgniter\CodeIgniter->run()
CRITICAL - 2024-04-17 23:58:58 --> ParseError: syntax error, unexpected '')?>">' (T_ENCAPSED_AND_WHITESPACE)
in APPPATH\Views\front\navbar_view.php on line 18.
 1 SYSTEMPATH\View\View.php(231): CodeIgniter\View\View->CodeIgniter\View\{closure}()
 2 SYSTEMPATH\Common.php(1178): CodeIgniter\View\View->render('front/navbar_view', [], true)
 3 APPPATH\Controllers\Home.php(10): view('front/navbar_view')
 4 SYSTEMPATH\CodeIgniter.php(943): App\Controllers\Home->index()
 5 SYSTEMPATH\CodeIgniter.php(503): CodeIgniter\CodeIgniter->runController(Object(App\Controllers\Home))
 6 SYSTEMPATH\CodeIgniter.php(361): CodeIgniter\CodeIgniter->handleRequest(null, Object(Config\Cache), false)
 7 FCPATH\index.php(79): CodeIgniter\CodeIgniter->run()
